  Determining projects to restore...
  All projects are up-to-date for restore.
C:\Users\18229\.openclaw\workspace\PureBattleGame\Games\StarCoreDefense\Robot.cs(68,16): warning CS0108: 'Robot.Size' hides inherited member 'Entity.Size'. Use the new keyword if hiding was intended. [C:\Users\18229\.openclaw\workspace\PureBattleGame\PureBattleGame.csproj]
C:\Users\18229\.openclaw\workspace\PureBattleGame\Games\StarCoreDefense\Monster.cs(85,9): error CS0103: The name 'MaxHP' does not exist in the current context [C:\Users\18229\.openclaw\workspace\PureBattleGame\PureBattleGame.csproj]
C:\Users\18229\.openclaw\workspace\PureBattleGame\Games\StarCoreDefense\Monster.cs(86,9): error CS0103: The name 'HP' does not exist in the current context [C:\Users\18229\.openclaw\workspace\PureBattleGame\PureBattleGame.csproj]
C:\Users\18229\.openclaw\workspace\PureBattleGame\Games\StarCoreDefense\Monster.cs(86,14): error CS0103: The name 'MaxHP' does not exist in the current context [C:\Users\18229\.openclaw\workspace\PureBattleGame\PureBattleGame.csproj]
C:\Users\18229\.openclaw\workspace\PureBattleGame\Games\StarCoreDefense\MonsterRenderer.cs(91,15): error CS1061: 'Monster' does not contain a definition for 'HP' and no accessible extension method 'HP' accepting a first argument of type 'Monster' could be found (are you missing a using directive or an assembly reference?) [C:\Users\18229\.openclaw\workspace\PureBattleGame\PureBattleGame.csproj]
C:\Users\18229\.openclaw\workspace\PureBattleGame\Games\StarCoreDefense\MonsterRenderer.cs(91,22): error CS1061: 'Monster' does not contain a definition for 'MaxHP' and no accessible extension method 'MaxHP' accepting a first argument of type 'Monster' could be found (are you missing a using directive or an assembly reference?) [C:\Users\18229\.openclaw\workspace\PureBattleGame\PureBattleGame.csproj]
C:\Users\18229\.openclaw\workspace\PureBattleGame\Games\StarCoreDefense\MonsterRenderer.cs(99,40): error CS1061: 'Monster' does not contain a definition for 'HP' and no accessible extension method 'HP' accepting a first argument of type 'Monster' could be found (are you missing a using directive or an assembly reference?) [C:\Users\18229\.openclaw\workspace\PureBattleGame\PureBattleGame.csproj]
C:\Users\18229\.openclaw\workspace\PureBattleGame\Games\StarCoreDefense\MonsterRenderer.cs(99,47): error CS1061: 'Monster' does not contain a definition for 'MaxHP' and no accessible extension method 'MaxHP' accepting a first argument of type 'Monster' could be found (are you missing a using directive or an assembly reference?) [C:\Users\18229\.openclaw\workspace\PureBattleGame\PureBattleGame.csproj]
C:\Users\18229\.openclaw\workspace\PureBattleGame\Games\StarCoreDefense\Monster.cs(294,9): error CS0103: The name 'HP' does not exist in the current context [C:\Users\18229\.openclaw\workspace\PureBattleGame\PureBattleGame.csproj]
C:\Users\18229\.openclaw\workspace\PureBattleGame\Games\StarCoreDefense\Monster.cs(299,13): error CS0103: The name 'HP' does not exist in the current context [C:\Users\18229\.openclaw\workspace\PureBattleGame\PureBattleGame.csproj]
C:\Users\18229\.openclaw\workspace\PureBattleGame\Games\StarCoreDefense\Monster.cs(301,13): error CS0103: The name 'HP' does not exist in the current context [C:\Users\18229\.openclaw\workspace\PureBattleGame\PureBattleGame.csproj]
C:\Users\18229\.openclaw\workspace\PureBattleGame\Games\StarCoreDefense\Robot.cs(605,33): error CS0266: Cannot implicitly convert type 'PureBattleGame.Games.StarCoreDefense.Entity' to 'PureBattleGame.Games.StarCoreDefense.Robot'. An explicit conversion exists (are you missing a cast?) [C:\Users\18229\.openclaw\workspace\PureBattleGame\PureBattleGame.csproj]
C:\Users\18229\.openclaw\workspace\PureBattleGame\Games\StarCoreDefense\Robot.cs(616,47): warning CS8602: Dereference of a possibly null reference. [C:\Users\18229\.openclaw\workspace\PureBattleGame\PureBattleGame.csproj]
C:\Users\18229\.openclaw\workspace\PureBattleGame\Games\StarCoreDefense\BattleForm.cs(1057,25): error CS1061: 'Monster' does not contain a definition for 'MaxHP' and no accessible extension method 'MaxHP' accepting a first argument of type 'Monster' could be found (are you missing a using directive or an assembly reference?) [C:\Users\18229\.openclaw\workspace\PureBattleGame\PureBattleGame.csproj]
C:\Users\18229\.openclaw\workspace\PureBattleGame\Games\StarCoreDefense\BattleForm.cs(1058,25): error CS1061: 'Monster' does not contain a definition for 'HP' and no accessible extension method 'HP' accepting a first argument of type 'Monster' could be found (are you missing a using directive or an assembly reference?) [C:\Users\18229\.openclaw\workspace\PureBattleGame\PureBattleGame.csproj]
C:\Users\18229\.openclaw\workspace\PureBattleGame\Games\StarCoreDefense\BattleForm.cs(1058,38): error CS1061: 'Monster' does not contain a definition for 'MaxHP' and no accessible extension method 'MaxHP' accepting a first argument of type 'Monster' could be found (are you missing a using directive or an assembly reference?) [C:\Users\18229\.openclaw\workspace\PureBattleGame\PureBattleGame.csproj]
C:\Users\18229\.openclaw\workspace\PureBattleGame\Games\StarCoreDefense\BattleForm.cs(1620,17): error CS1061: 'Monster' does not contain a definition for 'MaxHP' and no accessible extension method 'MaxHP' accepting a first argument of type 'Monster' could be found (are you missing a using directive or an assembly reference?) [C:\Users\18229\.openclaw\workspace\PureBattleGame\PureBattleGame.csproj]
C:\Users\18229\.openclaw\workspace\PureBattleGame\Games\StarCoreDefense\BattleForm.cs(1621,17): error CS1061: 'Monster' does not contain a definition for 'HP' and no accessible extension method 'HP' accepting a first argument of type 'Monster' could be found (are you missing a using directive or an assembly reference?) [C:\Users\18229\.openclaw\workspace\PureBattleGame\PureBattleGame.csproj]
C:\Users\18229\.openclaw\workspace\PureBattleGame\Games\StarCoreDefense\BattleForm.cs(1621,30): error CS1061: 'Monster' does not contain a definition for 'MaxHP' and no accessible extension method 'MaxHP' accepting a first argument of type 'Monster' could be found (are you missing a using directive or an assembly reference?) [C:\Users\18229\.openclaw\workspace\PureBattleGame\PureBattleGame.csproj]
C:\Users\18229\.openclaw\workspace\PureBattleGame\Games\StarCoreDefense\BattleForm.cs(1625,21): error CS1061: 'Monster' does not contain a definition for 'MaxHP' and no accessible extension method 'MaxHP' accepting a first argument of type 'Monster' could be found (are you missing a using directive or an assembly reference?) [C:\Users\18229\.openclaw\workspace\PureBattleGame\PureBattleGame.csproj]
C:\Users\18229\.openclaw\workspace\PureBattleGame\Games\StarCoreDefense\BattleForm.cs(1626,21): error CS1061: 'Monster' does not contain a definition for 'HP' and no accessible extension method 'HP' accepting a first argument of type 'Monster' could be found (are you missing a using directive or an assembly reference?) [C:\Users\18229\.openclaw\workspace\PureBattleGame\PureBattleGame.csproj]
C:\Users\18229\.openclaw\workspace\PureBattleGame\Games\StarCoreDefense\BattleForm.cs(1626,34): error CS1061: 'Monster' does not contain a definition for 'MaxHP' and no accessible extension method 'MaxHP' accepting a first argument of type 'Monster' could be found (are you missing a using directive or an assembly reference?) [C:\Users\18229\.openclaw\workspace\PureBattleGame\PureBattleGame.csproj]
C:\Users\18229\.openclaw\workspace\PureBattleGame\Games\StarCoreDefense\BattleForm.cs(45,18): warning CS0414: The field 'BattleForm._hasFiredWaveMeteor' is assigned but its value is never used [C:\Users\18229\.openclaw\workspace\PureBattleGame\PureBattleGame.csproj]

Build FAILED.

C:\Users\18229\.openclaw\workspace\PureBattleGame\Games\StarCoreDefense\Robot.cs(68,16): warning CS0108: 'Robot.Size' hides inherited member 'Entity.Size'. Use the new keyword if hiding was intended. [C:\Users\18229\.openclaw\workspace\PureBattleGame\PureBattleGame.csproj]
C:\Users\18229\.openclaw\workspace\PureBattleGame\Games\StarCoreDefense\Robot.cs(616,47): warning CS8602: Dereference of a possibly null reference. [C:\Users\18229\.openclaw\workspace\PureBattleGame\PureBattleGame.csproj]
C:\Users\18229\.openclaw\workspace\PureBattleGame\Games\StarCoreDefense\BattleForm.cs(45,18): warning CS0414: The field 'BattleForm._hasFiredWaveMeteor' is assigned but its value is never used [C:\Users\18229\.openclaw\workspace\PureBattleGame\PureBattleGame.csproj]
C:\Users\18229\.openclaw\workspace\PureBattleGame\Games\StarCoreDefense\Monster.cs(85,9): error CS0103: The name 'MaxHP' does not exist in the current context [C:\Users\18229\.openclaw\workspace\PureBattleGame\PureBattleGame.csproj]
C:\Users\18229\.openclaw\workspace\PureBattleGame\Games\StarCoreDefense\Monster.cs(86,9): error CS0103: The name 'HP' does not exist in the current context [C:\Users\18229\.openclaw\workspace\PureBattleGame\PureBattleGame.csproj]
C:\Users\18229\.openclaw\workspace\PureBattleGame\Games\StarCoreDefense\Monster.cs(86,14): error CS0103: The name 'MaxHP' does not exist in the current context [C:\Users\18229\.openclaw\workspace\PureBattleGame\PureBattleGame.csproj]
C:\Users\18229\.openclaw\workspace\PureBattleGame\Games\StarCoreDefense\MonsterRenderer.cs(91,15): error CS1061: 'Monster' does not contain a definition for 'HP' and no accessible extension method 'HP' accepting a first argument of type 'Monster' could be found (are you missing a using directive or an assembly reference?) [C:\Users\18229\.openclaw\workspace\PureBattleGame\PureBattleGame.csproj]
C:\Users\18229\.openclaw\workspace\PureBattleGame\Games\StarCoreDefense\MonsterRenderer.cs(91,22): error CS1061: 'Monster' does not contain a definition for 'MaxHP' and no accessible extension method 'MaxHP' accepting a first argument of type 'Monster' could be found (are you missing a using directive or an assembly reference?) [C:\Users\18229\.openclaw\workspace\PureBattleGame\PureBattleGame.csproj]
C:\Users\18229\.openclaw\workspace\PureBattleGame\Games\StarCoreDefense\MonsterRenderer.cs(99,40): error CS1061: 'Monster' does not contain a definition for 'HP' and no accessible extension method 'HP' accepting a first argument of type 'Monster' could be found (are you missing a using directive or an assembly reference?) [C:\Users\18229\.openclaw\workspace\PureBattleGame\PureBattleGame.csproj]
C:\Users\18229\.openclaw\workspace\PureBattleGame\Games\StarCoreDefense\MonsterRenderer.cs(99,47): error CS1061: 'Monster' does not contain a definition for 'MaxHP' and no accessible extension method 'MaxHP' accepting a first argument of type 'Monster' could be found (are you missing a using directive or an assembly reference?) [C:\Users\18229\.openclaw\workspace\PureBattleGame\PureBattleGame.csproj]
C:\Users\18229\.openclaw\workspace\PureBattleGame\Games\StarCoreDefense\Monster.cs(294,9): error CS0103: The name 'HP' does not exist in the current context [C:\Users\18229\.openclaw\workspace\PureBattleGame\PureBattleGame.csproj]
C:\Users\18229\.openclaw\workspace\PureBattleGame\Games\StarCoreDefense\Monster.cs(299,13): error CS0103: The name 'HP' does not exist in the current context [C:\Users\18229\.openclaw\workspace\PureBattleGame\PureBattleGame.csproj]
C:\Users\18229\.openclaw\workspace\PureBattleGame\Games\StarCoreDefense\Monster.cs(301,13): error CS0103: The name 'HP' does not exist in the current context [C:\Users\18229\.openclaw\workspace\PureBattleGame\PureBattleGame.csproj]
C:\Users\18229\.openclaw\workspace\PureBattleGame\Games\StarCoreDefense\Robot.cs(605,33): error CS0266: Cannot implicitly convert type 'PureBattleGame.Games.StarCoreDefense.Entity' to 'PureBattleGame.Games.StarCoreDefense.Robot'. An explicit conversion exists (are you missing a cast?) [C:\Users\18229\.openclaw\workspace\PureBattleGame\PureBattleGame.csproj]
C:\Users\18229\.openclaw\workspace\PureBattleGame\Games\StarCoreDefense\BattleForm.cs(1057,25): error CS1061: 'Monster' does not contain a definition for 'MaxHP' and no accessible extension method 'MaxHP' accepting a first argument of type 'Monster' could be found (are you missing a using directive or an assembly reference?) [C:\Users\18229\.openclaw\workspace\PureBattleGame\PureBattleGame.csproj]
C:\Users\18229\.openclaw\workspace\PureBattleGame\Games\StarCoreDefense\BattleForm.cs(1058,25): error CS1061: 'Monster' does not contain a definition for 'HP' and no accessible extension method 'HP' accepting a first argument of type 'Monster' could be found (are you missing a using directive or an assembly reference?) [C:\Users\18229\.openclaw\workspace\PureBattleGame\PureBattleGame.csproj]
C:\Users\18229\.openclaw\workspace\PureBattleGame\Games\StarCoreDefense\BattleForm.cs(1058,38): error CS1061: 'Monster' does not contain a definition for 'MaxHP' and no accessible extension method 'MaxHP' accepting a first argument of type 'Monster' could be found (are you missing a using directive or an assembly reference?) [C:\Users\18229\.openclaw\workspace\PureBattleGame\PureBattleGame.csproj]
C:\Users\18229\.openclaw\workspace\PureBattleGame\Games\StarCoreDefense\BattleForm.cs(1620,17): error CS1061: 'Monster' does not contain a definition for 'MaxHP' and no accessible extension method 'MaxHP' accepting a first argument of type 'Monster' could be found (are you missing a using directive or an assembly reference?) [C:\Users\18229\.openclaw\workspace\PureBattleGame\PureBattleGame.csproj]
C:\Users\18229\.openclaw\workspace\PureBattleGame\Games\StarCoreDefense\BattleForm.cs(1621,17): error CS1061: 'Monster' does not contain a definition for 'HP' and no accessible extension method 'HP' accepting a first argument of type 'Monster' could be found (are you missing a using directive or an assembly reference?) [C:\Users\18229\.openclaw\workspace\PureBattleGame\PureBattleGame.csproj]
C:\Users\18229\.openclaw\workspace\PureBattleGame\Games\StarCoreDefense\BattleForm.cs(1621,30): error CS1061: 'Monster' does not contain a definition for 'MaxHP' and no accessible extension method 'MaxHP' accepting a first argument of type 'Monster' could be found (are you missing a using directive or an assembly reference?) [C:\Users\18229\.openclaw\workspace\PureBattleGame\PureBattleGame.csproj]
C:\Users\18229\.openclaw\workspace\PureBattleGame\Games\StarCoreDefense\BattleForm.cs(1625,21): error CS1061: 'Monster' does not contain a definition for 'MaxHP' and no accessible extension method 'MaxHP' accepting a first argument of type 'Monster' could be found (are you missing a using directive or an assembly reference?) [C:\Users\18229\.openclaw\workspace\PureBattleGame\PureBattleGame.csproj]
C:\Users\18229\.openclaw\workspace\PureBattleGame\Games\StarCoreDefense\BattleForm.cs(1626,21): error CS1061: 'Monster' does not contain a definition for 'HP' and no accessible extension method 'HP' accepting a first argument of type 'Monster' could be found (are you missing a using directive or an assembly reference?) [C:\Users\18229\.openclaw\workspace\PureBattleGame\PureBattleGame.csproj]
C:\Users\18229\.openclaw\workspace\PureBattleGame\Games\StarCoreDefense\BattleForm.cs(1626,34): error CS1061: 'Monster' does not contain a definition for 'MaxHP' and no accessible extension method 'MaxHP' accepting a first argument of type 'Monster' could be found (are you missing a using directive or an assembly reference?) [C:\Users\18229\.openclaw\workspace\PureBattleGame\PureBattleGame.csproj]
    3 Warning(s)
    20 Error(s)

Time Elapsed 00:00:01.18
